#
# There is insufficient memory for the Java Runtime Environment to continue.
# Native memory allocation (mmap) failed to map 4096000 bytes for G1 virtual space
# Possible reasons:
#   The system is out of physical RAM or swap space
#   The process is running with CompressedOops enabled, and the Java Heap may be blocking the growth of the native heap
# Possible solutions:
#   Reduce memory load on the system
#   Increase physical memory or swap space
#   Check if swap backing store is full
#   Decrease Java heap size (-Xmx/-Xms)
#   Decrease number of Java threads
#   Decrease Java thread stack sizes (-Xss)
#   Set larger code cache with -XX:ReservedCodeCacheSize=
#   JVM is running with Zero Based Compressed Oops mode in which the Java heap is
#     placed in the first 32GB address space. The Java Heap base address is the
#     maximum limit for the native heap growth. Please use -XX:HeapBaseMinAddress
#     to set the Java Heap base and to place the Java Heap above 32GB virtual address.
# This output file may be truncated or incomplete.
#
#  Out of Memory Error (os_windows.cpp:3552), pid=30432, tid=3220
#
# JRE version:  (17.0.9+11) (build )
# Java VM: Java HotSpot(TM) 64-Bit Server VM (17.0.9+11-LTS-201, mixed mode, sharing, tiered, compressed oops, compressed class ptrs, g1 gc, windows-amd64)
# No core dump will be written. Minidumps are not enabled by default on client versions of Windows
#

---------------  S U M M A R Y ------------

Command Line: -Dnet.bytebuddy.agent.attacher.dump= net.bytebuddy.agent.Attacher com.sun.tools.attach.VirtualMachine 27812 C:\Users\sn15d\.gradle\caches\modules-2\files-2.1\net.bytebuddy\byte-buddy-agent\1.14.19\154da3a65b4f4a909d3e5bdec55d1b2b4cbb6ce1\byte-buddy-agent-1.14.19.jar false 

Host: 13th Gen Intel(R) Core(TM) i5-1340P, 16 cores, 15G,  Windows 11 , 64 bit Build 22621 (10.0.22621.4391)
Time: Wed Nov 27 21:02:39 2024  Windows 11 , 64 bit Build 22621 (10.0.22621.4391) elapsed time: 0.027556 seconds (0d 0h 0m 0s)

---------------  T H R E A D  ---------------

Current thread (0x000002577c692420):  JavaThread "Unknown thread" [_thread_in_vm, id=3220, stack(0x000000bec8300000,0x000000bec8400000)]

Stack: [0x000000bec8300000,0x000000bec8400000]
Native frames: (J=compiled Java code, j=interpreted, Vv=VM code, C=native code)
V  [jvm.dll+0x678a4a]
V  [jvm.dll+0x7d9cfd]
V  [jvm.dll+0x7db60e]
V  [jvm.dll+0x7dbc73]
V  [jvm.dll+0x245e1f]
V  [jvm.dll+0x6758f9]
V  [jvm.dll+0x66a2a2]
V  [jvm.dll+0x303686]
V  [jvm.dll+0x30ac06]
V  [jvm.dll+0x35a4b8]
V  [jvm.dll+0x35a6bf]
V  [jvm.dll+0x2da678]
V  [jvm.dll+0x2db5e4]
V  [jvm.dll+0x7ab6b1]
V  [jvm.dll+0x368041]
V  [jvm.dll+0x78a749]
V  [jvm.dll+0x3ebd4f]
V  [jvm.dll+0x3ed7d1]
C  [jli.dll+0x5297]
C  [ucrtbase.dll+0x29333]
C  [KERNEL32.DLL+0x1259d]
C  [ntdll.dll+0x5af38]


---------------  P R O C E S S  ---------------

Threads class SMR info:
_java_thread_list=0x00007ffb156289d8, length=0, elements={
}

Java Threads: ( => current thread )

Other Threads:
  0x000002577c6fe0b0 GCTaskThread "GC Thread#0" [stack: 0x000000bec8400000,0x000000bec8500000] [id=31472]
  0x000002577c70e910 ConcurrentGCThread "G1 Main Marker" [stack: 0x000000bec8500000,0x000000bec8600000] [id=13472]
  0x000002577c70f320 ConcurrentGCThread "G1 Conc#0" [stack: 0x000000bec8600000,0x000000bec8700000] [id=5096]

[error occurred during error reporting (printing all threads), id 0xc0000005, EXCEPTION_ACCESS_VIOLATION (0xc0000005) at pc=0x00007ffb14e5b2d7]

VM state: not at safepoint (not fully initialized)

VM Mutex/Monitor currently owned by a thread:  ([mutex/lock_event])
[0x000002577c68e910] Heap_lock - owner thread: 0x000002577c692420

Heap address: 0x0000000706e00000, size: 3986 MB, Compressed Oops mode: Zero based, Oop shift amount: 3

CDS archive(s) mapped at: [0x0000000000000000-0x0000000000000000-0x0000000000000000), size 0, SharedBaseAddress: 0x0000000800000000, ArchiveRelocationMode: 1.
Narrow klass base: 0x0000000000000000, Narrow klass shift: 0, Narrow klass range: 0x0

GC Precious Log:
<Empty>

Heap:
 garbage-first heap   total 0K, used 0K [0x0000000706e00000, 0x0000000800000000)
  region size 2048K, 0 young (0K), 0 survivors (0K)

[error occurred during error reporting (printing heap information), id 0xc0000005, EXCEPTION_ACCESS_VIOLATION (0xc0000005) at pc=0x00007ffb15242229]

GC Heap History (0 events):
No events

Deoptimization events (0 events):
No events

Classes unloaded (0 events):
No events

Classes redefined (0 events):
No events

Internal exceptions (0 events):
No events

VM Operations (0 events):
No events

Events (1 events):
Event: 0.012 Loaded shared library C:\Program Files\Java\jdk-17\bin\java.dll


Dynamic libraries:
0x00007ff6c29d0000 - 0x00007ff6c29e0000 	C:\Program Files\Java\jdk-17\bin\java.exe
0x00007ffb84070000 - 0x00007ffb84287000 	C:\Windows\SYSTEM32\ntdll.dll
0x00007ffb83410000 - 0x00007ffb834d4000 	C:\Windows\System32\KERNEL32.DLL
0x00007ffb81370000 - 0x00007ffb81729000 	C:\Windows\System32\KERNELBASE.dll
0x00007ffb81730000 - 0x00007ffb81841000 	C:\Windows\System32\ucrtbase.dll
0x00007ffb6def0000 - 0x00007ffb6df0b000 	C:\Program Files\Java\jdk-17\bin\VCRUNTIME140.dll
0x00007ffb7ade0000 - 0x00007ffb7adf9000 	C:\Program Files\Java\jdk-17\bin\jli.dll
0x00007ffb83590000 - 0x00007ffb83642000 	C:\Windows\System32\ADVAPI32.dll
0x00007ffb83f80000 - 0x00007ffb84027000 	C:\Windows\System32\msvcrt.dll
0x00007ffb834e0000 - 0x00007ffb83587000 	C:\Windows\System32\sechost.dll
0x00007ffb81910000 - 0x00007ffb81938000 	C:\Windows\System32\bcrypt.dll
0x00007ffb81ec0000 - 0x00007ffb81fd4000 	C:\Windows\System32\RPCRT4.dll
0x00007ffb829d0000 - 0x00007ffb82b7e000 	C:\Windows\System32\USER32.dll
0x00007ffb81940000 - 0x00007ffb81966000 	C:\Windows\System32\win32u.dll
0x00007ffb82c90000 - 0x00007ffb82cb9000 	C:\Windows\System32\GDI32.dll
0x00007ffb68020000 - 0x00007ffb682b2000 	C:\Windows\WinSxS\amd64_microsoft.windows.common-controls_6595b64144ccf1df_6.0.22621.4391_none_2715d37f73803e96\COMCTL32.dll
0x00007ffb81970000 - 0x00007ffb81a8b000 	C:\Windows\System32\gdi32full.dll
0x00007ffb81c00000 - 0x00007ffb81c9a000 	C:\Windows\System32\msvcp_win.dll
0x00007ffb616f0000 - 0x00007ffb616fa000 	C:\Windows\SYSTEM32\VERSION.dll
0x00007ffb81e80000 - 0x00007ffb81eb1000 	C:\Windows\System32\IMM32.DLL
0x00007ffb7aeb0000 - 0x00007ffb7aebc000 	C:\Program Files\Java\jdk-17\bin\vcruntime140_1.dll
0x00007ffb65120000 - 0x00007ffb651ae000 	C:\Program Files\Java\jdk-17\bin\msvcp140.dll
0x00007ffb14b70000 - 0x00007ffb15751000 	C:\Program Files\Java\jdk-17\bin\server\jvm.dll
0x00007ffb81e70000 - 0x00007ffb81e78000 	C:\Windows\System32\PSAPI.DLL
0x00007ffb78ee0000 - 0x00007ffb78f14000 	C:\Windows\SYSTEM32\WINMM.dll
0x00007ffb7ad30000 - 0x00007ffb7ad39000 	C:\Windows\SYSTEM32\WSOCK32.dll
0x00007ffb82cc0000 - 0x00007ffb82d31000 	C:\Windows\System32\WS2_32.dll
0x00007ffb804a0000 - 0x00007ffb804b8000 	C:\Windows\SYSTEM32\kernel.appcore.dll
0x00007ffb7adc0000 - 0x00007ffb7adca000 	C:\Program Files\Java\jdk-17\bin\jimage.dll
0x00007ffb7e2d0000 - 0x00007ffb7e502000 	C:\Windows\SYSTEM32\DBGHELP.DLL
0x00007ffb83650000 - 0x00007ffb839df000 	C:\Windows\System32\combase.dll
0x00007ffb81d90000 - 0x00007ffb81e67000 	C:\Windows\System32\OLEAUT32.dll
0x00007ffb5ccc0000 - 0x00007ffb5ccf2000 	C:\Windows\SYSTEM32\dbgcore.DLL
0x00007ffb81d10000 - 0x00007ffb81d8b000 	C:\Windows\System32\bcryptPrimitives.dll
0x00007ffb668f0000 - 0x00007ffb66915000 	C:\Program Files\Java\jdk-17\bin\java.dll

dbghelp: loaded successfully - version: 4.0.5 - missing functions: none
symbol engine: initialized successfully - sym options: 0x614 - pdb path: .;C:\Program Files\Java\jdk-17\bin;C:\Windows\SYSTEM32;C:\Windows\WinSxS\amd64_microsoft.windows.common-controls_6595b64144ccf1df_6.0.22621.4391_none_2715d37f73803e96;C:\Program Files\Java\jdk-17\bin\server

VM Arguments:
jvm_args: -Dnet.bytebuddy.agent.attacher.dump= 
java_command: net.bytebuddy.agent.Attacher com.sun.tools.attach.VirtualMachine 27812 C:\Users\sn15d\.gradle\caches\modules-2\files-2.1\net.bytebuddy\byte-buddy-agent\1.14.19\154da3a65b4f4a909d3e5bdec55d1b2b4cbb6ce1\byte-buddy-agent-1.14.19.jar false 
java_class_path (initial): C:\Users\sn15d\.gradle\caches\modules-2\files-2.1\net.bytebuddy\byte-buddy-agent\1.14.19\154da3a65b4f4a909d3e5bdec55d1b2b4cbb6ce1\byte-buddy-agent-1.14.19.jar
Launcher Type: SUN_STANDARD

[Global flags]
     intx CICompilerCount                          = 12                                        {product} {ergonomic}
     uint ConcGCThreads                            = 3                                         {product} {ergonomic}
     uint G1ConcRefinementThreads                  = 13                                        {product} {ergonomic}
   size_t G1HeapRegionSize                         = 2097152                                   {product} {ergonomic}
    uintx GCDrainStackTargetSize                   = 64                                        {product} {ergonomic}
   size_t InitialHeapSize                          = 262144000                                 {product} {ergonomic}
   size_t MarkStackSize                            = 4194304                                   {product} {ergonomic}
   size_t MaxHeapSize                              = 4179623936                                {product} {ergonomic}
   size_t MinHeapDeltaBytes                        = 2097152                                   {product} {ergonomic}
   size_t MinHeapSize                              = 8388608                                   {product} {ergonomic}
    uintx NonNMethodCodeHeapSize                   = 7602480                                {pd product} {ergonomic}
    uintx NonProfiledCodeHeapSize                  = 122027880                              {pd product} {ergonomic}
    uintx ProfiledCodeHeapSize                     = 122027880                              {pd product} {ergonomic}
    uintx ReservedCodeCacheSize                    = 251658240                              {pd product} {ergonomic}
     bool SegmentedCodeCache                       = true                                      {product} {ergonomic}
   size_t SoftMaxHeapSize                          = 4179623936                             {manageable} {ergonomic}
     bool UseCompressedClassPointers               = true                           {product lp64_product} {ergonomic}
     bool UseCompressedOops                        = true                           {product lp64_product} {ergonomic}
     bool UseG1GC                                  = true                                      {product} {ergonomic}
     bool UseLargePagesIndividualAllocation        = false                                  {pd product} {ergonomic}

Logging:
Log output configuration:
 #0: stdout all=warning uptime,level,tags
 #1: stderr all=off uptime,level,tags

Environment Variables:
PATH=C:\Program Files\Git\bin;C:\Users\sn15d\AppData\Roaming\Microsoft\Windows\Start Menu\Programs\Python 3.11;C:\Users\sn15d\AppData\Local\Programs\Python\Python310\Scripts;C:\Users\sn15d\AppData\Local\Programs\Python\Python310\;C:\Users\sn15d\AppData\Local\Programs\Python\Python310\Scripts\;C:\Users\sn15d\AppData\Local\Programs\Python\Python310\;C:\Program Files\Git\bin;
USERNAME=sn15d
OS=Windows_NT
PROCESSOR_IDENTIFIER=Intel64 Family 6 Model 186 Stepping 2, GenuineIntel



---------------  S Y S T E M  ---------------

OS:
 Windows 11 , 64 bit Build 22621 (10.0.22621.4391)
OS uptime: 2 days 9:44 hours
Hyper-V role detected

CPU: total 16 (initial active 16) (8 cores per cpu, 2 threads per core) family 6 model 186 stepping 2 microcode 0x410e, cx8, cmov, fxsr, ht, mmx, 3dnowpref, sse, sse2, sse3, ssse3, sse4.1, sse4.2, popcnt, lzcnt, tsc, tscinvbit, avx, avx2, aes, erms, clmul, bmi1, bmi2, adx, sha, fma, vzeroupper, clflush, clflushopt, clwb, hv

Memory: 4k page, system-wide physical 15943M (1693M free)
TotalPageFile size 21567M (AvailPageFile size 5M)
current process WorkingSet (physical memory assigned to process): 11M, peak: 11M
current process commit charge ("private bytes"): 325M, peak: 329M

vm_info: Java HotSpot(TM) 64-Bit Server VM (17.0.9+11-LTS-201) for windows-amd64 JRE (17.0.9+11-LTS-201), built on Oct 10 2023 23:16:06 by "mach5one" with MS VC++ 17.1 (VS2022)

END.
